# JRE version: OpenJDK Runtime Environment Corretto-17.0.8.7.1 (17.0.8+7) (build 17.0.8+7-LTS)
# Java VM: OpenJDK 64-Bit Server VM Corretto-17.0.8.7.1 (17.0.8+7-LTS, mixed mode, sharing, tiered, compressed oops, compressed class ptrs, g1 gc, windows-amd64)
GC Precious Log:
 CPUs: 8 total, 8 available
 Memory: 8075M
 Large Page Support: Disabled
 NUMA Support: Disabled
 Compressed Oops: Enabled (32-bit)
 Heap Region Size: 1M
 Heap Min Capacity: 256M
 Heap Initial Capacity: 256M
 Heap Max Capacity: 512M
 Pre-touch: Disabled
 Parallel Workers: 8
 Concurrent Workers: 2
 Concurrent Refinement Workers: 8
 Periodic GC: Disabled
Heap:
 garbage-first heap   total 262144K, used 54565K [0x00000000e0000000, 0x0000000100000000)
  region size 1024K, 27 young (27648K), 14 survivors (14336K)
 Metaspace       used 56744K, committed 57344K, reserved 278528K
  class space    used 8029K, committed 8320K, reserved 212992K
GC Heap History (14 events):
Event: 0.528 GC heap before
{Heap before GC invocations=0 (full 0):
 garbage-first heap   total 262144K, used 25600K [0x00000000e0000000, 0x0000000100000000)
  region size 1024K, 23 young (23552K), 0 survivors (0K)
 Metaspace       used 2996K, committed 3136K, reserved 278528K
  class space    used 380K, committed 448K, reserved 212992K
}
Event: 0.531 GC heap after
{Heap after GC invocations=1 (full 0):
 garbage-first heap   total 262144K, used 9305K [0x00000000e0000000, 0x0000000100000000)
  region size 1024K, 3 young (3072K), 3 survivors (3072K)
 Metaspace       used 2996K, committed 3136K, reserved 278528K
  class space    used 380K, committed 448K, reserved 212992K
}
Event: 0.876 GC heap before
{Heap before GC invocations=1 (full 0):
 garbage-first heap   total 262144K, used 39001K [0x00000000e0000000, 0x0000000100000000)
  region size 1024K, 32 young (32768K), 3 survivors (3072K)
 Metaspace       used 3937K, committed 4096K, reserved 278528K
  class space    used 477K, committed 576K, reserved 212992K
}
Event: 0.880 GC heap after
{Heap after GC invocations=2 (full 0):
 garbage-first heap   total 262144K, used 13419K [0x00000000e0000000, 0x0000000100000000)
  region size 1024K, 4 young (4096K), 4 survivors (4096K)
 Metaspace       used 3937K, committed 4096K, reserved 278528K
  class space    used 477K, committed 576K, reserved 212992K
}
Event: 2.647 GC heap before
{Heap before GC invocations=2 (full 0):
 garbage-first heap   total 262144K, used 113771K [0x00000000e0000000, 0x0000000100000000)
  region size 1024K, 103 young (105472K), 4 survivors (4096K)
 Metaspace       used 21229K, committed 21504K, reserved 278528K
  class space    used 3190K, committed 3328K, reserved 212992K
}
Event: 2.654 GC heap after
{Heap after GC invocations=3 (full 0):
 garbage-first heap   total 262144K, used 20725K [0x00000000e0000000, 0x0000000100000000)
  region size 1024K, 12 young (12288K), 12 survivors (12288K)
 Metaspace       used 21229K, committed 21504K, reserved 278528K
  class space    used 3190K, committed 3328K, reserved 212992K
}
Event: 4.174 GC heap before
{Heap before GC invocations=4 (full 0):
 garbage-first heap   total 262144K, used 122101K [0x00000000e0000000, 0x0000000100000000)
  region size 1024K, 109 young (111616K), 12 survivors (12288K)
 Metaspace       used 35556K, committed 35968K, reserved 278528K
  class space    used 4907K, committed 5056K, reserved 212992K
}
Event: 4.189 GC heap after
{Heap after GC invocations=5 (full 0):
 garbage-first heap   total 262144K, used 29731K [0x00000000e0000000, 0x0000000100000000)
  region size 1024K, 16 young (16384K), 16 survivors (16384K)
 Metaspace       used 35556K, committed 35968K, reserved 278528K
  class space    used 4907K, committed 5056K, reserved 212992K
}
Event: 4.201 GC heap before
{Heap before GC invocations=5 (full 0):
 garbage-first heap   total 262144K, used 29731K [0x00000000e0000000, 0x0000000100000000)
  region size 1024K, 17 young (17408K), 16 survivors (16384K)
 Metaspace       used 35639K, committed 36032K, reserved 278528K
  class space    used 4932K, committed 5120K, reserved 212992K
}
Event: 4.212 GC heap after
{Heap after GC invocations=6 (full 0):
 garbage-first heap   total 262144K, used 30516K [0x00000000e0000000, 0x0000000100000000)
  region size 1024K, 2 young (2048K), 2 survivors (2048K)
 Metaspace       used 35639K, committed 36032K, reserved 278528K
  class space    used 4932K, committed 5120K, reserved 212992K
}
Event: 4.251 GC heap before
{Heap before GC invocations=6 (full 0):
 garbage-first heap   total 262144K, used 32564K [0x00000000e0000000, 0x0000000100000000)
  region size 1024K, 5 young (5120K), 2 survivors (2048K)
 Metaspace       used 35931K, committed 36288K, reserved 278528K
  class space    used 4964K, committed 5120K, reserved 212992K
}
Event: 4.252 GC heap after
{Heap after GC invocations=7 (full 0):
 garbage-first heap   total 262144K, used 29083K [0x00000000e0000000, 0x0000000100000000)
  region size 1024K, 1 young (1024K), 1 survivors (1024K)
 Metaspace       used 35931K, committed 36288K, reserved 278528K
  class space    used 4964K, committed 5120K, reserved 212992K
}
Event: 7.182 GC heap before
{Heap before GC invocations=8 (full 0):
 garbage-first heap   total 262144K, used 184731K [0x00000000e0000000, 0x0000000100000000)
  region size 1024K, 153 young (156672K), 1 survivors (1024K)
 Metaspace       used 56476K, committed 57088K, reserved 278528K
  class space    used 8009K, committed 8320K, reserved 212992K
}
Event: 7.196 GC heap after
{Heap after GC invocations=9 (full 0):
 garbage-first heap   total 262144K, used 42277K [0x00000000e0000000, 0x0000000100000000)
  region size 1024K, 14 young (14336K), 14 survivors (14336K)
 Metaspace       used 56476K, committed 57088K, reserved 278528K
  class space    used 8009K, committed 8320K, reserved 212992K
}

