# JRE version: OpenJDK Runtime Environment Corretto-17.0.8.7.1 (17.0.8+7) (build 17.0.8+7-LTS)
# Java VM: OpenJDK 64-Bit Server VM Corretto-17.0.8.7.1 (17.0.8+7-LTS, mixed mode, sharing, tiered, compressed oops, compressed class ptrs, g1 gc, windows-amd64)
GC Precious Log:
 CPUs: 8 total, 8 available
 Memory: 8075M
 Large Page Support: Disabled
 NUMA Support: Disabled
 Compressed Oops: Enabled (32-bit)
 Heap Region Size: 1M
 Heap Min Capacity: 256M
 Heap Initial Capacity: 256M
 Heap Max Capacity: 512M
 Pre-touch: Disabled
 Parallel Workers: 8
 Concurrent Workers: 2
 Concurrent Refinement Workers: 8
 Periodic GC: Disabled
Heap:
 garbage-first heap   total 262144K, used 119863K [0x00000000e0000000, 0x0000000100000000)
  region size 1024K, 74 young (75776K), 6 survivors (6144K)
 Metaspace       used 63983K, committed 64640K, reserved 278528K
  class space    used 8895K, committed 9216K, reserved 212992K
GC Heap History (18 events):
Event: 1.319 GC heap before
{Heap before GC invocations=0 (full 0):
 garbage-first heap   total 262144K, used 25600K [0x00000000e0000000, 0x0000000100000000)
  region size 1024K, 23 young (23552K), 0 survivors (0K)
 Metaspace       used 3016K, committed 3200K, reserved 278528K
  class space    used 381K, committed 448K, reserved 212992K
}
Event: 1.330 GC heap after
{Heap after GC invocations=1 (full 0):
 garbage-first heap   total 262144K, used 9181K [0x00000000e0000000, 0x0000000100000000)
  region size 1024K, 3 young (3072K), 3 survivors (3072K)
 Metaspace       used 3016K, committed 3200K, reserved 278528K
  class space    used 381K, committed 448K, reserved 212992K
}
Event: 1.707 GC heap before
{Heap before GC invocations=1 (full 0):
 garbage-first heap   total 262144K, used 37853K [0x00000000e0000000, 0x0000000100000000)
  region size 1024K, 31 young (31744K), 3 survivors (3072K)
 Metaspace       used 3936K, committed 4096K, reserved 278528K
  class space    used 477K, committed 576K, reserved 212992K
}
Event: 1.711 GC heap after
{Heap after GC invocations=2 (full 0):
 garbage-first heap   total 262144K, used 13412K [0x00000000e0000000, 0x0000000100000000)
  region size 1024K, 4 young (4096K), 4 survivors (4096K)
 Metaspace       used 3936K, committed 4096K, reserved 278528K
  class space    used 477K, committed 576K, reserved 212992K
}
Event: 8.598 GC heap before
{Heap before GC invocations=2 (full 0):
 garbage-first heap   total 262144K, used 113764K [0x00000000e0000000, 0x0000000100000000)
  region size 1024K, 103 young (105472K), 4 survivors (4096K)
 Metaspace       used 21254K, committed 21504K, reserved 278528K
  class space    used 3190K, committed 3328K, reserved 212992K
}
Event: 8.618 GC heap after
{Heap after GC invocations=3 (full 0):
 garbage-first heap   total 262144K, used 20862K [0x00000000e0000000, 0x0000000100000000)
  region size 1024K, 12 young (12288K), 12 survivors (12288K)
 Metaspace       used 21254K, committed 21504K, reserved 278528K
  class space    used 3190K, committed 3328K, reserved 212992K
}
Event: 14.102 GC heap before
{Heap before GC invocations=4 (full 0):
 garbage-first heap   total 262144K, used 139646K [0x00000000e0000000, 0x0000000100000000)
  region size 1024K, 126 young (129024K), 12 survivors (12288K)
 Metaspace       used 34484K, committed 34816K, reserved 278528K
  class space    used 4845K, committed 4992K, reserved 212992K
}
Event: 14.120 GC heap after
{Heap after GC invocations=5 (full 0):
 garbage-first heap   total 262144K, used 30298K [0x00000000e0000000, 0x0000000100000000)
  region size 1024K, 16 young (16384K), 16 survivors (16384K)
 Metaspace       used 34484K, committed 34816K, reserved 278528K
  class space    used 4845K, committed 4992K, reserved 212992K
}
Event: 14.125 GC heap before
{Heap before GC invocations=5 (full 0):
 garbage-first heap   total 262144K, used 31322K [0x00000000e0000000, 0x0000000100000000)
  region size 1024K, 17 young (17408K), 16 survivors (16384K)
 Metaspace       used 34485K, committed 34816K, reserved 278528K
  class space    used 4845K, committed 4992K, reserved 212992K
}
Event: 14.138 GC heap after
{Heap after GC invocations=6 (full 0):
 garbage-first heap   total 262144K, used 31613K [0x00000000e0000000, 0x0000000100000000)
  region size 1024K, 2 young (2048K), 2 survivors (2048K)
 Metaspace       used 34485K, committed 34816K, reserved 278528K
  class space    used 4845K, committed 4992K, reserved 212992K
}
Event: 15.234 GC heap before
{Heap before GC invocations=6 (full 0):
 garbage-first heap   total 262144K, used 168829K [0x00000000e0000000, 0x0000000100000000)
  region size 1024K, 137 young (140288K), 2 survivors (2048K)
 Metaspace       used 35597K, committed 35968K, reserved 278528K
  class space    used 4947K, committed 5120K, reserved 212992K
}
Event: 15.244 GC heap after
{Heap after GC invocations=7 (full 0):
 garbage-first heap   total 262144K, used 38114K [0x00000000e0000000, 0x0000000100000000)
  region size 1024K, 8 young (8192K), 8 survivors (8192K)
 Metaspace       used 35597K, committed 35968K, reserved 278528K
  class space    used 4947K, committed 5120K, reserved 212992K
}
Event: 20.392 GC heap before
{Heap before GC invocations=8 (full 0):
 garbage-first heap   total 262144K, used 186594K [0x00000000e0000000, 0x0000000100000000)
  region size 1024K, 153 young (156672K), 8 survivors (8192K)
 Metaspace       used 50022K, committed 50496K, reserved 278528K
  class space    used 6935K, committed 7168K, reserved 212992K
}
Event: 20.406 GC heap after
{Heap after GC invocations=9 (full 0):
 garbage-first heap   total 262144K, used 47245K [0x00000000e0000000, 0x0000000100000000)
  region size 1024K, 17 young (17408K), 17 survivors (17408K)
 Metaspace       used 50022K, committed 50496K, reserved 278528K
  class space    used 6935K, committed 7168K, reserved 212992K
}
Event: 20.442 GC heap before
{Heap before GC invocations=9 (full 0):
 garbage-first heap   total 262144K, used 48269K [0x00000000e0000000, 0x0000000100000000)
  region size 1024K, 18 young (18432K), 17 survivors (17408K)
 Metaspace       used 50130K, committed 50688K, reserved 278528K
  class space    used 6953K, committed 7232K, reserved 212992K
}
Event: 20.462 GC heap after
{Heap after GC invocations=10 (full 0):
 garbage-first heap   total 262144K, used 48441K [0x00000000e0000000, 0x0000000100000000)
  region size 1024K, 3 young (3072K), 3 survivors (3072K)
 Metaspace       used 50130K, committed 50688K, reserved 278528K
  class space    used 6953K, committed 7232K, reserved 212992K
}
Event: 23.702 GC heap before
{Heap before GC invocations=10 (full 0):
 garbage-first heap   total 262144K, used 100665K [0x00000000e0000000, 0x0000000100000000)
  region size 1024K, 55 young (56320K), 3 survivors (3072K)
 Metaspace       used 59560K, committed 60160K, reserved 278528K
  class space    used 8344K, committed 8640K, reserved 212992K
}
Event: 23.707 GC heap after
{Heap after GC invocations=11 (full 0):
 garbage-first heap   total 262144K, used 51255K [0x00000000e0000000, 0x0000000100000000)
  region size 1024K, 6 young (6144K), 6 survivors (6144K)
 Metaspace       used 59560K, committed 60160K, reserved 278528K
  class space    used 8344K, committed 8640K, reserved 212992K
}

