# JRE version: OpenJDK Runtime Environment Corretto-17.0.8.7.1 (17.0.8+7) (build 17.0.8+7-LTS)
# Java VM: OpenJDK 64-Bit Server VM Corretto-17.0.8.7.1 (17.0.8+7-LTS, mixed mode, sharing, tiered, compressed oops, compressed class ptrs, g1 gc, windows-amd64)
GC Precious Log:
 CPUs: 8 total, 8 available
 Memory: 8075M
 Large Page Support: Disabled
 NUMA Support: Disabled
 Compressed Oops: Enabled (32-bit)
 Heap Region Size: 1M
 Heap Min Capacity: 256M
 Heap Initial Capacity: 256M
 Heap Max Capacity: 512M
 Pre-touch: Disabled
 Parallel Workers: 8
 Concurrent Workers: 2
 Concurrent Refinement Workers: 8
 Periodic GC: Disabled
Heap:
 garbage-first heap   total 262144K, used 139327K [0x00000000e0000000, 0x0000000100000000)
  region size 1024K, 106 young (108544K), 12 survivors (12288K)
 Metaspace       used 43861K, committed 44352K, reserved 278528K
  class space    used 6051K, committed 6272K, reserved 212992K
GC Heap History (12 events):
Event: 0.573 GC heap before
{Heap before GC invocations=0 (full 0):
 garbage-first heap   total 262144K, used 25600K [0x00000000e0000000, 0x0000000100000000)
  region size 1024K, 23 young (23552K), 0 survivors (0K)
 Metaspace       used 3002K, committed 3136K, reserved 278528K
  class space    used 380K, committed 448K, reserved 212992K
}
Event: 0.576 GC heap after
{Heap after GC invocations=1 (full 0):
 garbage-first heap   total 262144K, used 9216K [0x00000000e0000000, 0x0000000100000000)
  region size 1024K, 3 young (3072K), 3 survivors (3072K)
 Metaspace       used 3002K, committed 3136K, reserved 278528K
  class space    used 380K, committed 448K, reserved 212992K
}
Event: 0.959 GC heap before
{Heap before GC invocations=1 (full 0):
 garbage-first heap   total 262144K, used 38912K [0x00000000e0000000, 0x0000000100000000)
  region size 1024K, 32 young (32768K), 3 survivors (3072K)
 Metaspace       used 3947K, committed 4096K, reserved 278528K
  class space    used 477K, committed 576K, reserved 212992K
}
Event: 0.963 GC heap after
{Heap after GC invocations=2 (full 0):
 garbage-first heap   total 262144K, used 13699K [0x00000000e0000000, 0x0000000100000000)
  region size 1024K, 4 young (4096K), 4 survivors (4096K)
 Metaspace       used 3947K, committed 4096K, reserved 278528K
  class space    used 477K, committed 576K, reserved 212992K
}
Event: 2.732 GC heap before
{Heap before GC invocations=2 (full 0):
 garbage-first heap   total 262144K, used 115075K [0x00000000e0000000, 0x0000000100000000)
  region size 1024K, 104 young (106496K), 4 survivors (4096K)
 Metaspace       used 21268K, committed 21504K, reserved 278528K
  class space    used 3191K, committed 3328K, reserved 212992K
}
Event: 2.740 GC heap after
{Heap after GC invocations=3 (full 0):
 garbage-first heap   total 262144K, used 20903K [0x00000000e0000000, 0x0000000100000000)
  region size 1024K, 12 young (12288K), 12 survivors (12288K)
 Metaspace       used 21268K, committed 21504K, reserved 278528K
  class space    used 3191K, committed 3328K, reserved 212992K
}
Event: 4.280 GC heap before
{Heap before GC invocations=4 (full 0):
 garbage-first heap   total 262144K, used 155047K [0x00000000e0000000, 0x0000000100000000)
  region size 1024K, 141 young (144384K), 12 survivors (12288K)
 Metaspace       used 34476K, committed 34816K, reserved 278528K
  class space    used 4838K, committed 4992K, reserved 212992K
}
Event: 4.297 GC heap after
{Heap after GC invocations=5 (full 0):
 garbage-first heap   total 262144K, used 32485K [0x00000000e0000000, 0x0000000100000000)
  region size 1024K, 18 young (18432K), 18 survivors (18432K)
 Metaspace       used 34476K, committed 34816K, reserved 278528K
  class space    used 4838K, committed 4992K, reserved 212992K
}
Event: 4.817 GC heap before
{Heap before GC invocations=5 (full 0):
 garbage-first heap   total 262144K, used 170725K [0x00000000e0000000, 0x0000000100000000)
  region size 1024K, 153 young (156672K), 18 survivors (18432K)
 Metaspace       used 34653K, committed 35008K, reserved 278528K
  class space    used 4842K, committed 4992K, reserved 212992K
}
Event: 4.835 GC heap after
{Heap after GC invocations=6 (full 0):
 garbage-first heap   total 262144K, used 39674K [0x00000000e0000000, 0x0000000100000000)
  region size 1024K, 9 young (9216K), 9 survivors (9216K)
 Metaspace       used 34653K, committed 35008K, reserved 278528K
  class space    used 4842K, committed 4992K, reserved 212992K
}
Event: 5.235 GC heap before
{Heap before GC invocations=6 (full 0):
 garbage-first heap   total 262144K, used 113402K [0x00000000e0000000, 0x0000000100000000)
  region size 1024K, 81 young (82944K), 9 survivors (9216K)
 Metaspace       used 35777K, committed 36096K, reserved 278528K
  class space    used 4972K, committed 5120K, reserved 212992K
}
Event: 5.245 GC heap after
{Heap after GC invocations=7 (full 0):
 garbage-first heap   total 262144K, used 44095K [0x00000000e0000000, 0x0000000100000000)
  region size 1024K, 12 young (12288K), 12 survivors (12288K)
 Metaspace       used 35777K, committed 36096K, reserved 278528K
  class space    used 4972K, committed 5120K, reserved 212992K
}

